<?xml version="1.0" encoding="UTF-8" ?>
<testsuite tests="660" failures="0" name="org.xidea.el.test.AutoELTest" time="0.022" errors="0" skipped="0">
  <properties>
    <property name="java.runtime.name" value="Java(TM) SE Runtime Environment"/>
    <property name="sun.boot.library.path" value="/Library/Java/JavaVirtualMachines/jdk1.8.0_05.jdk/Contents/Home/jre/lib"/>
    <property name="java.vm.version" value="25.5-b02"/>
    <property name="gopherProxySet" value="false"/>
    <property name="java.vm.vendor" value="Oracle Corporation"/>
    <property name="maven.multiModuleProjectDirectory" value="/Users/jinjinyun/Documents/workspace/node_modules/js-el"/>
    <property name="java.vendor.url" value="http://java.oracle.com/"/>
    <property name="path.separator" value=":"/>
    <property name="guice.disable.misplaced.annotation.check" value="true"/>
    <property name="java.vm.name" value="Java HotSpot(TM) 64-Bit Server VM"/>
    <property name="file.encoding.pkg" value="sun.io"/>
    <property name="user.country" value="CN"/>
    <property name="sun.java.launcher" value="SUN_STANDARD"/>
    <property name="sun.os.patch.level" value="unknown"/>
    <property name="java.vm.specification.name" value="Java Virtual Machine Specification"/>
    <property name="user.dir" value="/Users/jinjinyun/Documents/workspace/node_modules/js-el"/>
    <property name="java.runtime.version" value="1.8.0_05-b13"/>
    <property name="java.awt.graphicsenv" value="sun.awt.CGraphicsEnvironment"/>
    <property name="java.endorsed.dirs" value="/Library/Java/JavaVirtualMachines/jdk1.8.0_05.jdk/Contents/Home/jre/lib/endorsed"/>
    <property name="os.arch" value="x86_64"/>
    <property name="java.io.tmpdir" value="/var/folders/gk/9w9d72g92v52z1nwps492tgm0000gn/T/"/>
    <property name="line.separator" value="
"/>
    <property name="java.vm.specification.vendor" value="Oracle Corporation"/>
    <property name="os.name" value="Mac OS X"/>
    <property name="classworlds.conf" value="/Applications/apache-maven-3.3.9/bin/m2.conf"/>
    <property name="sun.jnu.encoding" value="UTF-8"/>
    <property name="java.library.path" value="/Users/jinjinyun/Library/Java/Extensions:/Library/Java/Extensions:/Network/Library/Java/Extensions:/System/Library/Java/Extensions:/usr/lib/java:."/>
    <property name="java.specification.name" value="Java Platform API Specification"/>
    <property name="java.class.version" value="52.0"/>
    <property name="sun.management.compiler" value="HotSpot 64-Bit Tiered Compilers"/>
    <property name="os.version" value="10.11.2"/>
    <property name="http.nonProxyHosts" value="local„ÄÅ169.254/16|*.local„ÄÅ169.254/16"/>
    <property name="user.home" value="/Users/jinjinyun"/>
    <property name="user.timezone" value="Asia/Harbin"/>
    <property name="java.awt.printerjob" value="sun.lwawt.macosx.CPrinterJob"/>
    <property name="java.specification.version" value="1.8"/>
    <property name="file.encoding" value="UTF-8"/>
    <property name="user.name" value="jinjinyun"/>
    <property name="java.class.path" value="/Applications/apache-maven-3.3.9/boot/plexus-classworlds-2.5.2.jar"/>
    <property name="java.vm.specification.version" value="1.8"/>
    <property name="sun.arch.data.model" value="64"/>
    <property name="java.home" value="/Library/Java/JavaVirtualMachines/jdk1.8.0_05.jdk/Contents/Home/jre"/>
    <property name="sun.java.command" value="org.codehaus.plexus.classworlds.launcher.Launcher clean package"/>
    <property name="java.specification.vendor" value="Oracle Corporation"/>
    <property name="user.language" value="zh"/>
    <property name="awt.toolkit" value="sun.lwawt.macosx.LWCToolkit"/>
    <property name="java.vm.info" value="mixed mode"/>
    <property name="java.version" value="1.8.0_05"/>
    <property name="java.ext.dirs" value="/Users/jinjinyun/Library/Java/Extensions:/Library/Java/JavaVirtualMachines/jdk1.8.0_05.jdk/Contents/Home/jre/lib/ext:/Library/Java/Extensions:/Network/Library/Java/Extensions:/System/Library/Java/Extensions:/usr/lib/java"/>
    <property name="sun.boot.class.path" value="/Library/Java/JavaVirtualMachines/jdk1.8.0_05.jdk/Contents/Home/jre/lib/resources.jar:/Library/Java/JavaVirtualMachines/jdk1.8.0_05.jdk/Contents/Home/jre/lib/rt.jar:/Library/Java/JavaVirtualMachines/jdk1.8.0_05.jdk/Contents/Home/jre/lib/sunrsasign.jar:/Library/Java/JavaVirtualMachines/jdk1.8.0_05.jdk/Contents/Home/jre/lib/jsse.jar:/Library/Java/JavaVirtualMachines/jdk1.8.0_05.jdk/Contents/Home/jre/lib/jce.jar:/Library/Java/JavaVirtualMachines/jdk1.8.0_05.jdk/Contents/Home/jre/lib/charsets.jar:/Library/Java/JavaVirtualMachines/jdk1.8.0_05.jdk/Contents/Home/jre/lib/jfr.jar:/Library/Java/JavaVirtualMachines/jdk1.8.0_05.jdk/Contents/Home/jre/classes"/>
    <property name="java.vendor" value="Oracle Corporation"/>
    <property name="maven.home" value="/Applications/apache-maven-3.3.9"/>
    <property name="file.separator" value="/"/>
    <property name="java.vendor.url.bug" value="http://bugreport.sun.com/bugreport/"/>
    <property name="sun.cpu.endian" value="little"/>
    <property name="sun.io.unicode.encoding" value="UnicodeBig"/>
    <property name="socksNonProxyHosts" value="local„ÄÅ169.254/16|*.local„ÄÅ169.254/16"/>
    <property name="ftp.nonProxyHosts" value="local„ÄÅ169.254/16|*.local„ÄÅ169.254/16"/>
    <property name="sun.cpu.isalist" value=""/>
  </properties>
  <testcase classname="org.xidea.el.test.AutoELTest" name="testPhp[0 -value-case.xml#字面量测试/]" time="0"/>
  <testcase classname="org.xidea.el.test.AutoELTest" name="testJava[0 -value-case.xml#字面量测试/]" time="0"/>
  <testcase classname="org.xidea.el.test.AutoELTest" name="testJS[0 -value-case.xml#字面量测试/]" time="0"/>
  <testcase classname="org.xidea.el.test.AutoELTest" name="testPhp[1 -value-case.xml#字面量测试/]" time="0"/>
  <testcase classname="org.xidea.el.test.AutoELTest" name="testJava[1 -value-case.xml#字面量测试/]" time="0"/>
  <testcase classname="org.xidea.el.test.AutoELTest" name="testJS[1 -value-case.xml#字面量测试/]" time="0"/>
  <testcase classname="org.xidea.el.test.AutoELTest" name="testPhp[2 -value-case.xml#字面量测试/]" time="0"/>
  <testcase classname="org.xidea.el.test.AutoELTest" name="testJava[2 -value-case.xml#字面量测试/]" time="0"/>
  <testcase classname="org.xidea.el.test.AutoELTest" name="testJS[2 -value-case.xml#字面量测试/]" time="0"/>
  <testcase classname="org.xidea.el.test.AutoELTest" name="testPhp[3 -value-case.xml#字面量测试/]" time="0"/>
  <testcase classname="org.xidea.el.test.AutoELTest" name="testJava[3 -value-case.xml#字面量测试/]" time="0"/>
  <testcase classname="org.xidea.el.test.AutoELTest" name="testJS[3 -value-case.xml#字面量测试/]" time="0"/>
  <testcase classname="org.xidea.el.test.AutoELTest" name="testPhp[4 -value-case.xml#字面量测试/]" time="0"/>
  <testcase classname="org.xidea.el.test.AutoELTest" name="testJava[4 -value-case.xml#字面量测试/]" time="0"/>
  <testcase classname="org.xidea.el.test.AutoELTest" name="testJS[4 -value-case.xml#字面量测试/]" time="0"/>
  <testcase classname="org.xidea.el.test.AutoELTest" name="testPhp[5 -value-case.xml#字面量测试/]" time="0"/>
  <testcase classname="org.xidea.el.test.AutoELTest" name="testJava[5 -value-case.xml#字面量测试/]" time="0"/>
  <testcase classname="org.xidea.el.test.AutoELTest" name="testJS[5 -value-case.xml#字面量测试/]" time="0.001"/>
  <testcase classname="org.xidea.el.test.AutoELTest" name="testPhp[6 -value-case.xml#字面量测试/]" time="0"/>
  <testcase classname="org.xidea.el.test.AutoELTest" name="testJava[6 -value-case.xml#字面量测试/]" time="0"/>
  <testcase classname="org.xidea.el.test.AutoELTest" name="testJS[6 -value-case.xml#字面量测试/]" time="0"/>
  <testcase classname="org.xidea.el.test.AutoELTest" name="testPhp[7 -value-case.xml#字面量测试/]" time="0"/>
  <testcase classname="org.xidea.el.test.AutoELTest" name="testJava[7 -value-case.xml#字面量测试/]" time="0"/>
  <testcase classname="org.xidea.el.test.AutoELTest" name="testJS[7 -value-case.xml#字面量测试/]" time="0"/>
  <testcase classname="org.xidea.el.test.AutoELTest" name="testPhp[8 -value-case.xml#字面量测试/]" time="0"/>
  <testcase classname="org.xidea.el.test.AutoELTest" name="testJava[8 -value-case.xml#字面量测试/]" time="0"/>
  <testcase classname="org.xidea.el.test.AutoELTest" name="testJS[8 -value-case.xml#字面量测试/]" time="0"/>
  <testcase classname="org.xidea.el.test.AutoELTest" name="testPhp[9 -value-case.xml#字面量测试/]" time="0"/>
  <testcase classname="org.xidea.el.test.AutoELTest" name="testJava[9 -value-case.xml#字面量测试/]" time="0"/>
  <testcase classname="org.xidea.el.test.AutoELTest" name="testJS[9 -value-case.xml#字面量测试/]" time="0"/>
  <testcase classname="org.xidea.el.test.AutoELTest" name="testPhp[10 -value-case.xml#字面量测试/]" time="0"/>
  <testcase classname="org.xidea.el.test.AutoELTest" name="testJava[10 -value-case.xml#字面量测试/]" time="0"/>
  <testcase classname="org.xidea.el.test.AutoELTest" name="testJS[10 -value-case.xml#字面量测试/]" time="0"/>
  <testcase classname="org.xidea.el.test.AutoELTest" name="testPhp[11 -value-case.xml#字面量测试/]" time="0"/>
  <testcase classname="org.xidea.el.test.AutoELTest" name="testJava[11 -value-case.xml#字面量测试/]" time="0"/>
  <testcase classname="org.xidea.el.test.AutoELTest" name="testJS[11 -value-case.xml#字面量测试/]" time="0"/>
  <testcase classname="org.xidea.el.test.AutoELTest" name="testPhp[12 -value-case.xml#字面量测试/]" time="0"/>
  <testcase classname="org.xidea.el.test.AutoELTest" name="testJava[12 -value-case.xml#字面量测试/]" time="0"/>
  <testcase classname="org.xidea.el.test.AutoELTest" name="testJS[12 -value-case.xml#字面量测试/]" time="0"/>
  <testcase classname="org.xidea.el.test.AutoELTest" name="testPhp[13 -value-case.xml#字面量测试/]" time="0"/>
  <testcase classname="org.xidea.el.test.AutoELTest" name="testJava[13 -value-case.xml#字面量测试/]" time="0"/>
  <testcase classname="org.xidea.el.test.AutoELTest" name="testJS[13 -value-case.xml#字面量测试/]" time="0.001"/>
  <testcase classname="org.xidea.el.test.AutoELTest" name="testPhp[14 -value-case.xml#字面量测试/]" time="0"/>
  <testcase classname="org.xidea.el.test.AutoELTest" name="testJava[14 -value-case.xml#字面量测试/]" time="0"/>
  <testcase classname="org.xidea.el.test.AutoELTest" name="testJS[14 -value-case.xml#字面量测试/]" time="0"/>
  <testcase classname="org.xidea.el.test.AutoELTest" name="testPhp[15 -value-case.xml#字面量测试/]" time="0"/>
  <testcase classname="org.xidea.el.test.AutoELTest" name="testJava[15 -value-case.xml#字面量测试/]" time="0"/>
  <testcase classname="org.xidea.el.test.AutoELTest" name="testJS[15 -value-case.xml#字面量测试/]" time="0.001"/>
  <testcase classname="org.xidea.el.test.AutoELTest" name="testPhp[16 -json-case.xml#JSON 功能测试/]" time="0"/>
  <testcase classname="org.xidea.el.test.AutoELTest" name="testJava[16 -json-case.xml#JSON 功能测试/]" time="0"/>
  <testcase classname="org.xidea.el.test.AutoELTest" name="testJS[16 -json-case.xml#JSON 功能测试/]" time="0"/>
  <testcase classname="org.xidea.el.test.AutoELTest" name="testPhp[17 -json-case.xml#JSON 功能测试/]" time="0"/>
  <testcase classname="org.xidea.el.test.AutoELTest" name="testJava[17 -json-case.xml#JSON 功能测试/]" time="0"/>
  <testcase classname="org.xidea.el.test.AutoELTest" name="testJS[17 -json-case.xml#JSON 功能测试/]" time="0"/>
  <testcase classname="org.xidea.el.test.AutoELTest" name="testPhp[18 -json-case.xml#JSON 功能测试/]" time="0"/>
  <testcase classname="org.xidea.el.test.AutoELTest" name="testJava[18 -json-case.xml#JSON 功能测试/]" time="0"/>
  <testcase classname="org.xidea.el.test.AutoELTest" name="testJS[18 -json-case.xml#JSON 功能测试/]" time="0"/>
  <testcase classname="org.xidea.el.test.AutoELTest" name="testPhp[19 -json-case.xml#JSON 功能测试/]" time="0"/>
  <testcase classname="org.xidea.el.test.AutoELTest" name="testJava[19 -json-case.xml#JSON 功能测试/]" time="0"/>
  <testcase classname="org.xidea.el.test.AutoELTest" name="testJS[19 -json-case.xml#JSON 功能测试/]" time="0"/>
  <testcase classname="org.xidea.el.test.AutoELTest" name="testPhp[20 -json-case.xml#JSON 功能测试/]" time="0"/>
  <testcase classname="org.xidea.el.test.AutoELTest" name="testJava[20 -json-case.xml#JSON 功能测试/]" time="0"/>
  <testcase classname="org.xidea.el.test.AutoELTest" name="testJS[20 -json-case.xml#JSON 功能测试/]" time="0"/>
  <testcase classname="org.xidea.el.test.AutoELTest" name="testPhp[21 -json-case.xml#JSON 功能测试/]" time="0"/>
  <testcase classname="org.xidea.el.test.AutoELTest" name="testJava[21 -json-case.xml#JSON 功能测试/]" time="0.001"/>
  <testcase classname="org.xidea.el.test.AutoELTest" name="testJS[21 -json-case.xml#JSON 功能测试/]" time="0"/>
  <testcase classname="org.xidea.el.test.AutoELTest" name="testPhp[22 -json-case.xml#JSON 功能测试/]" time="0"/>
  <testcase classname="org.xidea.el.test.AutoELTest" name="testJava[22 -json-case.xml#JSON 功能测试/]" time="0"/>
  <testcase classname="org.xidea.el.test.AutoELTest" name="testJS[22 -json-case.xml#JSON 功能测试/]" time="0"/>
  <testcase classname="org.xidea.el.test.AutoELTest" name="testPhp[23 -json-case.xml#JSON 功能测试/]" time="0"/>
  <testcase classname="org.xidea.el.test.AutoELTest" name="testJava[23 -json-case.xml#JSON 功能测试/]" time="0"/>
  <testcase classname="org.xidea.el.test.AutoELTest" name="testJS[23 -json-case.xml#JSON 功能测试/]" time="0"/>
  <testcase classname="org.xidea.el.test.AutoELTest" name="testPhp[24 -json-case.xml#JSON 功能测试/]" time="0"/>
  <testcase classname="org.xidea.el.test.AutoELTest" name="testJava[24 -json-case.xml#JSON 功能测试/]" time="0"/>
  <testcase classname="org.xidea.el.test.AutoELTest" name="testJS[24 -json-case.xml#JSON 功能测试/]" time="0"/>
  <testcase classname="org.xidea.el.test.AutoELTest" name="testPhp[25 -json-case.xml#JSON 功能测试/]" time="0"/>
  <testcase classname="org.xidea.el.test.AutoELTest" name="testJava[25 -json-case.xml#JSON 功能测试/]" time="0"/>
  <testcase classname="org.xidea.el.test.AutoELTest" name="testJS[25 -json-case.xml#JSON 功能测试/]" time="0"/>
  <testcase classname="org.xidea.el.test.AutoELTest" name="testPhp[26 -op-case.xml#自动变量转换测试/]" time="0"/>
  <testcase classname="org.xidea.el.test.AutoELTest" name="testJava[26 -op-case.xml#自动变量转换测试/]" time="0"/>
  <testcase classname="org.xidea.el.test.AutoELTest" name="testJS[26 -op-case.xml#自动变量转换测试/]" time="0"/>
  <testcase classname="org.xidea.el.test.AutoELTest" name="testPhp[27 -op-case.xml#自动变量转换测试/]" time="0"/>
  <testcase classname="org.xidea.el.test.AutoELTest" name="testJava[27 -op-case.xml#自动变量转换测试/]" time="0"/>
  <testcase classname="org.xidea.el.test.AutoELTest" name="testJS[27 -op-case.xml#自动变量转换测试/]" time="0.001"/>
  <testcase classname="org.xidea.el.test.AutoELTest" name="testPhp[28 -op-case.xml#与或运算测试/]" time="0"/>
  <testcase classname="org.xidea.el.test.AutoELTest" name="testJava[28 -op-case.xml#与或运算测试/]" time="0.001"/>
  <testcase classname="org.xidea.el.test.AutoELTest" name="testJS[28 -op-case.xml#与或运算测试/]" time="0"/>
  <testcase classname="org.xidea.el.test.AutoELTest" name="testPhp[29 -op-case.xml#与或运算测试/]" time="0"/>
  <testcase classname="org.xidea.el.test.AutoELTest" name="testJava[29 -op-case.xml#与或运算测试/]" time="0"/>
  <testcase classname="org.xidea.el.test.AutoELTest" name="testJS[29 -op-case.xml#与或运算测试/]" time="0"/>
  <testcase classname="org.xidea.el.test.AutoELTest" name="testPhp[30 -op-case.xml#比较运算/]" time="0"/>
  <testcase classname="org.xidea.el.test.AutoELTest" name="testJava[30 -op-case.xml#比较运算/]" time="0"/>
  <testcase classname="org.xidea.el.test.AutoELTest" name="testJS[30 -op-case.xml#比较运算/]" time="0"/>
  <testcase classname="org.xidea.el.test.AutoELTest" name="testPhp[31 -op-case.xml#比较运算/]" time="0"/>
  <testcase classname="org.xidea.el.test.AutoELTest" name="testJava[31 -op-case.xml#比较运算/]" time="0"/>
  <testcase classname="org.xidea.el.test.AutoELTest" name="testJS[31 -op-case.xml#比较运算/]" time="0"/>
  <testcase classname="org.xidea.el.test.AutoELTest" name="testPhp[32 -op-case.xml#比较运算/]" time="0"/>
  <testcase classname="org.xidea.el.test.AutoELTest" name="testJava[32 -op-case.xml#比较运算/]" time="0"/>
  <testcase classname="org.xidea.el.test.AutoELTest" name="testJS[32 -op-case.xml#比较运算/]" time="0"/>
  <testcase classname="org.xidea.el.test.AutoELTest" name="testPhp[33 -op-case.xml#比较运算/]" time="0"/>
  <testcase classname="org.xidea.el.test.AutoELTest" name="testJava[33 -op-case.xml#比较运算/]" time="0"/>
  <testcase classname="org.xidea.el.test.AutoELTest" name="testJS[33 -op-case.xml#比较运算/]" time="0"/>
  <testcase classname="org.xidea.el.test.AutoELTest" name="testPhp[34 -op-case.xml#比较运算/]" time="0"/>
  <testcase classname="org.xidea.el.test.AutoELTest" name="testJava[34 -op-case.xml#比较运算/]" time="0.001"/>
  <testcase classname="org.xidea.el.test.AutoELTest" name="testJS[34 -op-case.xml#比较运算/]" time="0"/>
  <testcase classname="org.xidea.el.test.AutoELTest" name="testPhp[35 -op-case.xml#比较运算/]" time="0"/>
  <testcase classname="org.xidea.el.test.AutoELTest" name="testJava[35 -op-case.xml#比较运算/]" time="0"/>
  <testcase classname="org.xidea.el.test.AutoELTest" name="testJS[35 -op-case.xml#比较运算/]" time="0"/>
  <testcase classname="org.xidea.el.test.AutoELTest" name="testPhp[36 -op-case.xml#三目运算/]" time="0"/>
  <testcase classname="org.xidea.el.test.AutoELTest" name="testJava[36 -op-case.xml#三目运算/]" time="0"/>
  <testcase classname="org.xidea.el.test.AutoELTest" name="testJS[36 -op-case.xml#三目运算/]" time="0"/>
  <testcase classname="org.xidea.el.test.AutoELTest" name="testPhp[37 -op-case.xml#三目运算/]" time="0"/>
  <testcase classname="org.xidea.el.test.AutoELTest" name="testJava[37 -op-case.xml#三目运算/]" time="0"/>
  <testcase classname="org.xidea.el.test.AutoELTest" name="testJS[37 -op-case.xml#三目运算/]" time="0.001"/>
  <testcase classname="org.xidea.el.test.AutoELTest" name="testPhp[38 -op-case.xml#三目运算/]" time="0"/>
  <testcase classname="org.xidea.el.test.AutoELTest" name="testJava[38 -op-case.xml#三目运算/]" time="0"/>
  <testcase classname="org.xidea.el.test.AutoELTest" name="testJS[38 -op-case.xml#三目运算/]" time="0"/>
  <testcase classname="org.xidea.el.test.AutoELTest" name="testPhp[39 -op-case.xml#三目运算/]" time="0"/>
  <testcase classname="org.xidea.el.test.AutoELTest" name="testJava[39 -op-case.xml#三目运算/]" time="0"/>
  <testcase classname="org.xidea.el.test.AutoELTest" name="testJS[39 -op-case.xml#三目运算/]" time="0"/>
  <testcase classname="org.xidea.el.test.AutoELTest" name="testPhp[40 -op-case.xml#三目运算/]" time="0"/>
  <testcase classname="org.xidea.el.test.AutoELTest" name="testJava[40 -op-case.xml#三目运算/]" time="0"/>
  <testcase classname="org.xidea.el.test.AutoELTest" name="testJS[40 -op-case.xml#三目运算/]" time="0"/>
  <testcase classname="org.xidea.el.test.AutoELTest" name="testPhp[41 -op-case.xml#三目运算/]" time="0"/>
  <testcase classname="org.xidea.el.test.AutoELTest" name="testJava[41 -op-case.xml#三目运算/]" time="0"/>
  <testcase classname="org.xidea.el.test.AutoELTest" name="testJS[41 -op-case.xml#三目运算/]" time="0"/>
  <testcase classname="org.xidea.el.test.AutoELTest" name="testPhp[42 -op-case.xml#三目运算/]" time="0"/>
  <testcase classname="org.xidea.el.test.AutoELTest" name="testJava[42 -op-case.xml#三目运算/]" time="0"/>
  <testcase classname="org.xidea.el.test.AutoELTest" name="testJS[42 -op-case.xml#三目运算/]" time="0"/>
  <testcase classname="org.xidea.el.test.AutoELTest" name="testPhp[43 -op-case.xml#三目运算/]" time="0"/>
  <testcase classname="org.xidea.el.test.AutoELTest" name="testJava[43 -op-case.xml#三目运算/]" time="0"/>
  <testcase classname="org.xidea.el.test.AutoELTest" name="testJS[43 -op-case.xml#三目运算/]" time="0"/>
  <testcase classname="org.xidea.el.test.AutoELTest" name="testPhp[44 -op-case.xml#三目运算/]" time="0"/>
  <testcase classname="org.xidea.el.test.AutoELTest" name="testJava[44 -op-case.xml#三目运算/]" time="0"/>
  <testcase classname="org.xidea.el.test.AutoELTest" name="testJS[44 -op-case.xml#三目运算/]" time="0"/>
  <testcase classname="org.xidea.el.test.AutoELTest" name="testPhp[45 -op-case.xml#三目运算/]" time="0"/>
  <testcase classname="org.xidea.el.test.AutoELTest" name="testJava[45 -op-case.xml#三目运算/]" time="0"/>
  <testcase classname="org.xidea.el.test.AutoELTest" name="testJS[45 -op-case.xml#三目运算/]" time="0"/>
  <testcase classname="org.xidea.el.test.AutoELTest" name="testPhp[46 -op-case.xml#三目运算/]" time="0"/>
  <testcase classname="org.xidea.el.test.AutoELTest" name="testJava[46 -op-case.xml#三目运算/]" time="0"/>
  <testcase classname="org.xidea.el.test.AutoELTest" name="testJS[46 -op-case.xml#三目运算/]" time="0"/>
  <testcase classname="org.xidea.el.test.AutoELTest" name="testPhp[47 -op-case.xml#三目运算/]" time="0"/>
  <testcase classname="org.xidea.el.test.AutoELTest" name="testJava[47 -op-case.xml#三目运算/]" time="0"/>
  <testcase classname="org.xidea.el.test.AutoELTest" name="testJS[47 -op-case.xml#三目运算/]" time="0"/>
  <testcase classname="org.xidea.el.test.AutoELTest" name="testPhp[48 -op-case.xml#三目运算/]" time="0"/>
  <testcase classname="org.xidea.el.test.AutoELTest" name="testJava[48 -op-case.xml#三目运算/]" time="0"/>
  <testcase classname="org.xidea.el.test.AutoELTest" name="testJS[48 -op-case.xml#三目运算/]" time="0"/>
  <testcase classname="org.xidea.el.test.AutoELTest" name="testPhp[49 -op-case.xml#三目运算/]" time="0"/>
  <testcase classname="org.xidea.el.test.AutoELTest" name="testJava[49 -op-case.xml#三目运算/]" time="0"/>
  <testcase classname="org.xidea.el.test.AutoELTest" name="testJS[49 -op-case.xml#三目运算/]" time="0"/>
  <testcase classname="org.xidea.el.test.AutoELTest" name="testPhp[50 -op-case.xml#三目运算/]" time="0"/>
  <testcase classname="org.xidea.el.test.AutoELTest" name="testJava[50 -op-case.xml#三目运算/]" time="0"/>
  <testcase classname="org.xidea.el.test.AutoELTest" name="testJS[50 -op-case.xml#三目运算/]" time="0"/>
  <testcase classname="org.xidea.el.test.AutoELTest" name="testPhp[51 -op-case.xml#三目运算/]" time="0"/>
  <testcase classname="org.xidea.el.test.AutoELTest" name="testJava[51 -op-case.xml#三目运算/]" time="0"/>
  <testcase classname="org.xidea.el.test.AutoELTest" name="testJS[51 -op-case.xml#三目运算/]" time="0"/>
  <testcase classname="org.xidea.el.test.AutoELTest" name="testPhp[52 -op-case.xml#三目运算/]" time="0"/>
  <testcase classname="org.xidea.el.test.AutoELTest" name="testJava[52 -op-case.xml#三目运算/]" time="0"/>
  <testcase classname="org.xidea.el.test.AutoELTest" name="testJS[52 -op-case.xml#三目运算/]" time="0"/>
  <testcase classname="org.xidea.el.test.AutoELTest" name="testPhp[53 -op-case.xml#三目运算/]" time="0.001"/>
  <testcase classname="org.xidea.el.test.AutoELTest" name="testJava[53 -op-case.xml#三目运算/]" time="0"/>
  <testcase classname="org.xidea.el.test.AutoELTest" name="testJS[53 -op-case.xml#三目运算/]" time="0"/>
  <testcase classname="org.xidea.el.test.AutoELTest" name="testPhp[54 -op-case.xml#三目运算/]" time="0"/>
  <testcase classname="org.xidea.el.test.AutoELTest" name="testJava[54 -op-case.xml#三目运算/]" time="0"/>
  <testcase classname="org.xidea.el.test.AutoELTest" name="testJS[54 -op-case.xml#三目运算/]" time="0"/>
  <testcase classname="org.xidea.el.test.AutoELTest" name="testPhp[55 -op-case.xml#三目运算/]" time="0"/>
  <testcase classname="org.xidea.el.test.AutoELTest" name="testJava[55 -op-case.xml#三目运算/]" time="0"/>
  <testcase classname="org.xidea.el.test.AutoELTest" name="testJS[55 -op-case.xml#三目运算/]" time="0"/>
  <testcase classname="org.xidea.el.test.AutoELTest" name="testPhp[56 -op-case.xml#字符串操作/]" time="0"/>
  <testcase classname="org.xidea.el.test.AutoELTest" name="testJava[56 -op-case.xml#字符串操作/]" time="0"/>
  <testcase classname="org.xidea.el.test.AutoELTest" name="testJS[56 -op-case.xml#字符串操作/]" time="0"/>
  <testcase classname="org.xidea.el.test.AutoELTest" name="testPhp[57 -op-case.xml#字符串操作/]" time="0"/>
  <testcase classname="org.xidea.el.test.AutoELTest" name="testJava[57 -op-case.xml#字符串操作/]" time="0"/>
  <testcase classname="org.xidea.el.test.AutoELTest" name="testJS[57 -op-case.xml#字符串操作/]" time="0"/>
  <testcase classname="org.xidea.el.test.AutoELTest" name="testPhp[58 -op-case.xml#字符串操作/]" time="0"/>
  <testcase classname="org.xidea.el.test.AutoELTest" name="testJava[58 -op-case.xml#字符串操作/]" time="0"/>
  <testcase classname="org.xidea.el.test.AutoELTest" name="testJS[58 -op-case.xml#字符串操作/]" time="0"/>
  <testcase classname="org.xidea.el.test.AutoELTest" name="testPhp[59 -op-case.xml#字符串操作/]" time="0"/>
  <testcase classname="org.xidea.el.test.AutoELTest" name="testJava[59 -op-case.xml#字符串操作/]" time="0"/>
  <testcase classname="org.xidea.el.test.AutoELTest" name="testJS[59 -op-case.xml#字符串操作/]" time="0"/>
  <testcase classname="org.xidea.el.test.AutoELTest" name="testPhp[60 -op-case.xml#字符串操作/]" time="0"/>
  <testcase classname="org.xidea.el.test.AutoELTest" name="testJava[60 -op-case.xml#字符串操作/]" time="0"/>
  <testcase classname="org.xidea.el.test.AutoELTest" name="testJS[60 -op-case.xml#字符串操作/]" time="0"/>
  <testcase classname="org.xidea.el.test.AutoELTest" name="testPhp[61 -op-case.xml#字符串操作/]" time="0"/>
  <testcase classname="org.xidea.el.test.AutoELTest" name="testJava[61 -op-case.xml#字符串操作/]" time="0"/>
  <testcase classname="org.xidea.el.test.AutoELTest" name="testJS[61 -op-case.xml#字符串操作/]" time="0"/>
  <testcase classname="org.xidea.el.test.AutoELTest" name="testPhp[62 -op-case.xml#数字操作/]" time="0"/>
  <testcase classname="org.xidea.el.test.AutoELTest" name="testJava[62 -op-case.xml#数字操作/]" time="0"/>
  <testcase classname="org.xidea.el.test.AutoELTest" name="testJS[62 -op-case.xml#数字操作/]" time="0"/>
  <testcase classname="org.xidea.el.test.AutoELTest" name="testPhp[63 -op-case.xml#数字操作/]" time="0"/>
  <testcase classname="org.xidea.el.test.AutoELTest" name="testJava[63 -op-case.xml#数字操作/]" time="0"/>
  <testcase classname="org.xidea.el.test.AutoELTest" name="testJS[63 -op-case.xml#数字操作/]" time="0"/>
  <testcase classname="org.xidea.el.test.AutoELTest" name="testPhp[64 -op-case.xml#数字操作/]" time="0"/>
  <testcase classname="org.xidea.el.test.AutoELTest" name="testJava[64 -op-case.xml#数字操作/]" time="0"/>
  <testcase classname="org.xidea.el.test.AutoELTest" name="testJS[64 -op-case.xml#数字操作/]" time="0"/>
  <testcase classname="org.xidea.el.test.AutoELTest" name="testPhp[65 -op-case.xml#非数值类型算术运算(非+)[不支持]/]" time="0"/>
  <testcase classname="org.xidea.el.test.AutoELTest" name="testJava[65 -op-case.xml#非数值类型算术运算(非+)[不支持]/]" time="0"/>
  <testcase classname="org.xidea.el.test.AutoELTest" name="testJS[65 -op-case.xml#非数值类型算术运算(非+)[不支持]/]" time="0"/>
  <testcase classname="org.xidea.el.test.AutoELTest" name="testPhp[66 -op-case.xml#非数值类型算术运算(非+)[不支持]/]" time="0"/>
  <testcase classname="org.xidea.el.test.AutoELTest" name="testJava[66 -op-case.xml#非数值类型算术运算(非+)[不支持]/]" time="0"/>
  <testcase classname="org.xidea.el.test.AutoELTest" name="testJS[66 -op-case.xml#非数值类型算术运算(非+)[不支持]/]" time="0"/>
  <testcase classname="org.xidea.el.test.AutoELTest" name="testPhp[67 -op-case.xml#非数值类型算术运算(非+)[不支持]/]" time="0"/>
  <testcase classname="org.xidea.el.test.AutoELTest" name="testJava[67 -op-case.xml#非数值类型算术运算(非+)[不支持]/]" time="0"/>
  <testcase classname="org.xidea.el.test.AutoELTest" name="testJS[67 -op-case.xml#非数值类型算术运算(非+)[不支持]/]" time="0"/>
  <testcase classname="org.xidea.el.test.AutoELTest" name="testPhp[68 -op-case.xml#非数值类型算术运算(非+)[不支持]/]" time="0"/>
  <testcase classname="org.xidea.el.test.AutoELTest" name="testJava[68 -op-case.xml#非数值类型算术运算(非+)[不支持]/]" time="0"/>
  <testcase classname="org.xidea.el.test.AutoELTest" name="testJS[68 -op-case.xml#非数值类型算术运算(非+)[不支持]/]" time="0"/>
  <testcase classname="org.xidea.el.test.AutoELTest" name="testPhp[69 -op-case.xml#NaN类型运算[不支持]/]" time="0"/>
  <testcase classname="org.xidea.el.test.AutoELTest" name="testJava[69 -op-case.xml#NaN类型运算[不支持]/]" time="0"/>
  <testcase classname="org.xidea.el.test.AutoELTest" name="testJS[69 -op-case.xml#NaN类型运算[不支持]/]" time="0"/>
  <testcase classname="org.xidea.el.test.AutoELTest" name="testPhp[70 -op-case.xml#NaN类型运算[不支持]/]" time="0"/>
  <testcase classname="org.xidea.el.test.AutoELTest" name="testJava[70 -op-case.xml#NaN类型运算[不支持]/]" time="0"/>
  <testcase classname="org.xidea.el.test.AutoELTest" name="testJS[70 -op-case.xml#NaN类型运算[不支持]/]" time="0"/>
  <testcase classname="org.xidea.el.test.AutoELTest" name="testPhp[71 -op-case.xml#in 操作符/]" time="0"/>
  <testcase classname="org.xidea.el.test.AutoELTest" name="testJava[71 -op-case.xml#in 操作符/]" time="0"/>
  <testcase classname="org.xidea.el.test.AutoELTest" name="testJS[71 -op-case.xml#in 操作符/]" time="0"/>
  <testcase classname="org.xidea.el.test.AutoELTest" name="testPhp[72 -op-case.xml#in 操作符/]" time="0"/>
  <testcase classname="org.xidea.el.test.AutoELTest" name="testJava[72 -op-case.xml#in 操作符/]" time="0"/>
  <testcase classname="org.xidea.el.test.AutoELTest" name="testJS[72 -op-case.xml#in 操作符/]" time="0"/>
  <testcase classname="org.xidea.el.test.AutoELTest" name="testPhp[73 -op-case.xml#in 操作符/]" time="0"/>
  <testcase classname="org.xidea.el.test.AutoELTest" name="testJava[73 -op-case.xml#in 操作符/]" time="0"/>
  <testcase classname="org.xidea.el.test.AutoELTest" name="testJS[73 -op-case.xml#in 操作符/]" time="0"/>
  <testcase classname="org.xidea.el.test.AutoELTest" name="testPhp[74 -op-case.xml#in 操作符/]" time="0"/>
  <testcase classname="org.xidea.el.test.AutoELTest" name="testJava[74 -op-case.xml#in 操作符/]" time="0"/>
  <testcase classname="org.xidea.el.test.AutoELTest" name="testJS[74 -op-case.xml#in 操作符/]" time="0"/>
  <testcase classname="org.xidea.el.test.AutoELTest" name="testPhp[75 -op-case.xml#in 操作符/]" time="0"/>
  <testcase classname="org.xidea.el.test.AutoELTest" name="testJava[75 -op-case.xml#in 操作符/]" time="0"/>
  <testcase classname="org.xidea.el.test.AutoELTest" name="testJS[75 -op-case.xml#in 操作符/]" time="0.001"/>
  <testcase classname="org.xidea.el.test.AutoELTest" name="testPhp[76 -op-case.xml#in 操作符/]" time="0"/>
  <testcase classname="org.xidea.el.test.AutoELTest" name="testJava[76 -op-case.xml#in 操作符/]" time="0"/>
  <testcase classname="org.xidea.el.test.AutoELTest" name="testJS[76 -op-case.xml#in 操作符/]" time="0"/>
  <testcase classname="org.xidea.el.test.AutoELTest" name="testPhp[77 -op-case.xml#in 操作符/]" time="0"/>
  <testcase classname="org.xidea.el.test.AutoELTest" name="testJava[77 -op-case.xml#in 操作符/]" time="0"/>
  <testcase classname="org.xidea.el.test.AutoELTest" name="testJS[77 -op-case.xml#in 操作符/]" time="0"/>
  <testcase classname="org.xidea.el.test.AutoELTest" name="testPhp[78 -op-case.xml#in 操作符/]" time="0"/>
  <testcase classname="org.xidea.el.test.AutoELTest" name="testJava[78 -op-case.xml#in 操作符/]" time="0"/>
  <testcase classname="org.xidea.el.test.AutoELTest" name="testJS[78 -op-case.xml#in 操作符/]" time="0"/>
  <testcase classname="org.xidea.el.test.AutoELTest" name="testPhp[79 -global-case.xml#URL编码测试/]" time="0"/>
  <testcase classname="org.xidea.el.test.AutoELTest" name="testJava[79 -global-case.xml#URL编码测试/]" time="0"/>
  <testcase classname="org.xidea.el.test.AutoELTest" name="testJS[79 -global-case.xml#URL编码测试/]" time="0"/>
  <testcase classname="org.xidea.el.test.AutoELTest" name="testPhp[80 -global-case.xml#URL编码测试/]" time="0"/>
  <testcase classname="org.xidea.el.test.AutoELTest" name="testJava[80 -global-case.xml#URL编码测试/]" time="0"/>
  <testcase classname="org.xidea.el.test.AutoELTest" name="testJS[80 -global-case.xml#URL编码测试/]" time="0"/>
  <testcase classname="org.xidea.el.test.AutoELTest" name="testPhp[81 -global-case.xml#URL编码测试/]" time="0"/>
  <testcase classname="org.xidea.el.test.AutoELTest" name="testJava[81 -global-case.xml#URL编码测试/]" time="0"/>
  <testcase classname="org.xidea.el.test.AutoELTest" name="testJS[81 -global-case.xml#URL编码测试/]" time="0"/>
  <testcase classname="org.xidea.el.test.AutoELTest" name="testPhp[82 -global-case.xml#URL编码测试/]" time="0"/>
  <testcase classname="org.xidea.el.test.AutoELTest" name="testJava[82 -global-case.xml#URL编码测试/]" time="0"/>
  <testcase classname="org.xidea.el.test.AutoELTest" name="testJS[82 -global-case.xml#URL编码测试/]" time="0.001"/>
  <testcase classname="org.xidea.el.test.AutoELTest" name="testPhp[83 -global-case.xml#URL编码测试/]" time="0"/>
  <testcase classname="org.xidea.el.test.AutoELTest" name="testJava[83 -global-case.xml#URL编码测试/]" time="0"/>
  <testcase classname="org.xidea.el.test.AutoELTest" name="testJS[83 -global-case.xml#URL编码测试/]" time="0.001"/>
  <testcase classname="org.xidea.el.test.AutoELTest" name="testPhp[84 -global-case.xml#URL编码测试/]" time="0"/>
  <testcase classname="org.xidea.el.test.AutoELTest" name="testJava[84 -global-case.xml#URL编码测试/]" time="0"/>
  <testcase classname="org.xidea.el.test.AutoELTest" name="testJS[84 -global-case.xml#URL编码测试/]" time="0"/>
  <testcase classname="org.xidea.el.test.AutoELTest" name="testPhp[85 -global-case.xml#URL编码测试/]" time="0"/>
  <testcase classname="org.xidea.el.test.AutoELTest" name="testJava[85 -global-case.xml#URL编码测试/]" time="0"/>
  <testcase classname="org.xidea.el.test.AutoELTest" name="testJS[85 -global-case.xml#URL编码测试/]" time="0.001"/>
  <testcase classname="org.xidea.el.test.AutoELTest" name="testPhp[86 -global-case.xml#URL编码测试/]" time="0"/>
  <testcase classname="org.xidea.el.test.AutoELTest" name="testJava[86 -global-case.xml#URL编码测试/]" time="0"/>
  <testcase classname="org.xidea.el.test.AutoELTest" name="testJS[86 -global-case.xml#URL编码测试/]" time="0"/>
  <testcase classname="org.xidea.el.test.AutoELTest" name="testPhp[87 -global-case.xml#URL编码测试/]" time="0"/>
  <testcase classname="org.xidea.el.test.AutoELTest" name="testJava[87 -global-case.xml#URL编码测试/]" time="0"/>
  <testcase classname="org.xidea.el.test.AutoELTest" name="testJS[87 -global-case.xml#URL编码测试/]" time="0.001"/>
  <testcase classname="org.xidea.el.test.AutoELTest" name="testPhp[88 -global-case.xml#URL编码测试/]" time="0"/>
  <testcase classname="org.xidea.el.test.AutoELTest" name="testJava[88 -global-case.xml#URL编码测试/]" time="0"/>
  <testcase classname="org.xidea.el.test.AutoELTest" name="testJS[88 -global-case.xml#URL编码测试/]" time="0"/>
  <testcase classname="org.xidea.el.test.AutoELTest" name="testPhp[89 -global-case.xml#URL编码测试/]" time="0"/>
  <testcase classname="org.xidea.el.test.AutoELTest" name="testJava[89 -global-case.xml#URL编码测试/]" time="0"/>
  <testcase classname="org.xidea.el.test.AutoELTest" name="testJS[89 -global-case.xml#URL编码测试/]" time="0"/>
  <testcase classname="org.xidea.el.test.AutoELTest" name="testPhp[90 -global-case.xml#URL编码测试/]" time="0"/>
  <testcase classname="org.xidea.el.test.AutoELTest" name="testJava[90 -global-case.xml#URL编码测试/]" time="0"/>
  <testcase classname="org.xidea.el.test.AutoELTest" name="testJS[90 -global-case.xml#URL编码测试/]" time="0"/>
  <testcase classname="org.xidea.el.test.AutoELTest" name="testPhp[91 -global-case.xml#URL解码测试/]" time="0"/>
  <testcase classname="org.xidea.el.test.AutoELTest" name="testJava[91 -global-case.xml#URL解码测试/]" time="0"/>
  <testcase classname="org.xidea.el.test.AutoELTest" name="testJS[91 -global-case.xml#URL解码测试/]" time="0"/>
  <testcase classname="org.xidea.el.test.AutoELTest" name="testPhp[92 -global-case.xml#URL解码测试/]" time="0"/>
  <testcase classname="org.xidea.el.test.AutoELTest" name="testJava[92 -global-case.xml#URL解码测试/]" time="0"/>
  <testcase classname="org.xidea.el.test.AutoELTest" name="testJS[92 -global-case.xml#URL解码测试/]" time="0"/>
  <testcase classname="org.xidea.el.test.AutoELTest" name="testPhp[93 -global-case.xml#URL解码测试/]" time="0"/>
  <testcase classname="org.xidea.el.test.AutoELTest" name="testJava[93 -global-case.xml#URL解码测试/]" time="0.001"/>
  <testcase classname="org.xidea.el.test.AutoELTest" name="testJS[93 -global-case.xml#URL解码测试/]" time="0"/>
  <testcase classname="org.xidea.el.test.AutoELTest" name="testPhp[94 -global-case.xml#URL解码测试/]" time="0"/>
  <testcase classname="org.xidea.el.test.AutoELTest" name="testJava[94 -global-case.xml#URL解码测试/]" time="0"/>
  <testcase classname="org.xidea.el.test.AutoELTest" name="testJS[94 -global-case.xml#URL解码测试/]" time="0"/>
  <testcase classname="org.xidea.el.test.AutoELTest" name="testPhp[95 -global-case.xml#URL解码测试/]" time="0"/>
  <testcase classname="org.xidea.el.test.AutoELTest" name="testJava[95 -global-case.xml#URL解码测试/]" time="0"/>
  <testcase classname="org.xidea.el.test.AutoELTest" name="testJS[95 -global-case.xml#URL解码测试/]" time="0"/>
  <testcase classname="org.xidea.el.test.AutoELTest" name="testPhp[96 -global-case.xml#URL解码测试/]" time="0"/>
  <testcase classname="org.xidea.el.test.AutoELTest" name="testJava[96 -global-case.xml#URL解码测试/]" time="0"/>
  <testcase classname="org.xidea.el.test.AutoELTest" name="testJS[96 -global-case.xml#URL解码测试/]" time="0"/>
  <testcase classname="org.xidea.el.test.AutoELTest" name="testPhp[97 -global-case.xml#URL解码测试/]" time="0"/>
  <testcase classname="org.xidea.el.test.AutoELTest" name="testJava[97 -global-case.xml#URL解码测试/]" time="0"/>
  <testcase classname="org.xidea.el.test.AutoELTest" name="testJS[97 -global-case.xml#URL解码测试/]" time="0"/>
  <testcase classname="org.xidea.el.test.AutoELTest" name="testPhp[98 -global-case.xml#URL解码测试/]" time="0"/>
  <testcase classname="org.xidea.el.test.AutoELTest" name="testJava[98 -global-case.xml#URL解码测试/]" time="0"/>
  <testcase classname="org.xidea.el.test.AutoELTest" name="testJS[98 -global-case.xml#URL解码测试/]" time="0"/>
  <testcase classname="org.xidea.el.test.AutoELTest" name="testPhp[99 -global-case.xml#URL解码测试/]" time="0"/>
  <testcase classname="org.xidea.el.test.AutoELTest" name="testJava[99 -global-case.xml#URL解码测试/]" time="0"/>
  <testcase classname="org.xidea.el.test.AutoELTest" name="testJS[99 -global-case.xml#URL解码测试/]" time="0"/>
  <testcase classname="org.xidea.el.test.AutoELTest" name="testPhp[100 -global-case.xml#URL解码测试/]" time="0"/>
  <testcase classname="org.xidea.el.test.AutoELTest" name="testJava[100 -global-case.xml#URL解码测试/]" time="0"/>
  <testcase classname="org.xidea.el.test.AutoELTest" name="testJS[100 -global-case.xml#URL解码测试/]" time="0"/>
  <testcase classname="org.xidea.el.test.AutoELTest" name="testPhp[101 -global-case.xml#URL解码测试/]" time="0"/>
  <testcase classname="org.xidea.el.test.AutoELTest" name="testJava[101 -global-case.xml#URL解码测试/]" time="0"/>
  <testcase classname="org.xidea.el.test.AutoELTest" name="testJS[101 -global-case.xml#URL解码测试/]" time="0"/>
  <testcase classname="org.xidea.el.test.AutoELTest" name="testPhp[102 -global-case.xml#URL解码测试/]" time="0"/>
  <testcase classname="org.xidea.el.test.AutoELTest" name="testJava[102 -global-case.xml#URL解码测试/]" time="0"/>
  <testcase classname="org.xidea.el.test.AutoELTest" name="testJS[102 -global-case.xml#URL解码测试/]" time="0"/>
  <testcase classname="org.xidea.el.test.AutoELTest" name="testPhp[103 -global-case.xml#URL解码测试/]" time="0.001"/>
  <testcase classname="org.xidea.el.test.AutoELTest" name="testJava[103 -global-case.xml#URL解码测试/]" time="0"/>
  <testcase classname="org.xidea.el.test.AutoELTest" name="testJS[103 -global-case.xml#URL解码测试/]" time="0"/>
  <testcase classname="org.xidea.el.test.AutoELTest" name="testPhp[104 -global-case.xml#URL解码测试/]" time="0"/>
  <testcase classname="org.xidea.el.test.AutoELTest" name="testJava[104 -global-case.xml#URL解码测试/]" time="0"/>
  <testcase classname="org.xidea.el.test.AutoELTest" name="testJS[104 -global-case.xml#URL解码测试/]" time="0"/>
  <testcase classname="org.xidea.el.test.AutoELTest" name="testPhp[105 -global-case.xml#数值解析测试/]" time="0"/>
  <testcase classname="org.xidea.el.test.AutoELTest" name="testJava[105 -global-case.xml#数值解析测试/]" time="0"/>
  <testcase classname="org.xidea.el.test.AutoELTest" name="testJS[105 -global-case.xml#数值解析测试/]" time="0"/>
  <testcase classname="org.xidea.el.test.AutoELTest" name="testPhp[106 -global-case.xml#数值解析测试/]" time="0"/>
  <testcase classname="org.xidea.el.test.AutoELTest" name="testJava[106 -global-case.xml#数值解析测试/]" time="0"/>
  <testcase classname="org.xidea.el.test.AutoELTest" name="testJS[106 -global-case.xml#数值解析测试/]" time="0"/>
  <testcase classname="org.xidea.el.test.AutoELTest" name="testPhp[107 -global-case.xml#数值解析测试/]" time="0"/>
  <testcase classname="org.xidea.el.test.AutoELTest" name="testJava[107 -global-case.xml#数值解析测试/]" time="0"/>
  <testcase classname="org.xidea.el.test.AutoELTest" name="testJS[107 -global-case.xml#数值解析测试/]" time="0"/>
  <testcase classname="org.xidea.el.test.AutoELTest" name="testPhp[108 -global-case.xml#数值解析测试/]" time="0"/>
  <testcase classname="org.xidea.el.test.AutoELTest" name="testJava[108 -global-case.xml#数值解析测试/]" time="0"/>
  <testcase classname="org.xidea.el.test.AutoELTest" name="testJS[108 -global-case.xml#数值解析测试/]" time="0"/>
  <testcase classname="org.xidea.el.test.AutoELTest" name="testPhp[109 -global-case.xml#数值解析测试/]" time="0"/>
  <testcase classname="org.xidea.el.test.AutoELTest" name="testJava[109 -global-case.xml#数值解析测试/]" time="0"/>
  <testcase classname="org.xidea.el.test.AutoELTest" name="testJS[109 -global-case.xml#数值解析测试/]" time="0"/>
  <testcase classname="org.xidea.el.test.AutoELTest" name="testPhp[110 -global-case.xml#数值解析测试/]" time="0"/>
  <testcase classname="org.xidea.el.test.AutoELTest" name="testJava[110 -global-case.xml#数值解析测试/]" time="0"/>
  <testcase classname="org.xidea.el.test.AutoELTest" name="testJS[110 -global-case.xml#数值解析测试/]" time="0"/>
  <testcase classname="org.xidea.el.test.AutoELTest" name="testPhp[111 -global-case.xml#数值解析测试/]" time="0"/>
  <testcase classname="org.xidea.el.test.AutoELTest" name="testJava[111 -global-case.xml#数值解析测试/]" time="0"/>
  <testcase classname="org.xidea.el.test.AutoELTest" name="testJS[111 -global-case.xml#数值解析测试/]" time="0"/>
  <testcase classname="org.xidea.el.test.AutoELTest" name="testPhp[112 -global-case.xml#数值解析测试/]" time="0"/>
  <testcase classname="org.xidea.el.test.AutoELTest" name="testJava[112 -global-case.xml#数值解析测试/]" time="0"/>
  <testcase classname="org.xidea.el.test.AutoELTest" name="testJS[112 -global-case.xml#数值解析测试/]" time="0"/>
  <testcase classname="org.xidea.el.test.AutoELTest" name="testPhp[113 -global-case.xml#数值解析测试/]" time="0"/>
  <testcase classname="org.xidea.el.test.AutoELTest" name="testJava[113 -global-case.xml#数值解析测试/]" time="0"/>
  <testcase classname="org.xidea.el.test.AutoELTest" name="testJS[113 -global-case.xml#数值解析测试/]" time="0"/>
  <testcase classname="org.xidea.el.test.AutoELTest" name="testPhp[114 -global-case.xml#数值解析测试/]" time="0"/>
  <testcase classname="org.xidea.el.test.AutoELTest" name="testJava[114 -global-case.xml#数值解析测试/]" time="0"/>
  <testcase classname="org.xidea.el.test.AutoELTest" name="testJS[114 -global-case.xml#数值解析测试/]" time="0"/>
  <testcase classname="org.xidea.el.test.AutoELTest" name="testPhp[115 -global-case.xml#数值解析测试/]" time="0"/>
  <testcase classname="org.xidea.el.test.AutoELTest" name="testJava[115 -global-case.xml#数值解析测试/]" time="0"/>
  <testcase classname="org.xidea.el.test.AutoELTest" name="testJS[115 -global-case.xml#数值解析测试/]" time="0"/>
  <testcase classname="org.xidea.el.test.AutoELTest" name="testPhp[116 -global-case.xml#数值解析测试/]" time="0"/>
  <testcase classname="org.xidea.el.test.AutoELTest" name="testJava[116 -global-case.xml#数值解析测试/]" time="0"/>
  <testcase classname="org.xidea.el.test.AutoELTest" name="testJS[116 -global-case.xml#数值解析测试/]" time="0"/>
  <testcase classname="org.xidea.el.test.AutoELTest" name="testPhp[117 -global-case.xml#数值解析测试/]" time="0"/>
  <testcase classname="org.xidea.el.test.AutoELTest" name="testJava[117 -global-case.xml#数值解析测试/]" time="0"/>
  <testcase classname="org.xidea.el.test.AutoELTest" name="testJS[117 -global-case.xml#数值解析测试/]" time="0"/>
  <testcase classname="org.xidea.el.test.AutoELTest" name="testPhp[118 -global-case.xml#数值解析测试/]" time="0"/>
  <testcase classname="org.xidea.el.test.AutoELTest" name="testJava[118 -global-case.xml#数值解析测试/]" time="0"/>
  <testcase classname="org.xidea.el.test.AutoELTest" name="testJS[118 -global-case.xml#数值解析测试/]" time="0"/>
  <testcase classname="org.xidea.el.test.AutoELTest" name="testPhp[119 -global-case.xml#数值解析测试/]" time="0"/>
  <testcase classname="org.xidea.el.test.AutoELTest" name="testJava[119 -global-case.xml#数值解析测试/]" time="0"/>
  <testcase classname="org.xidea.el.test.AutoELTest" name="testJS[119 -global-case.xml#数值解析测试/]" time="0"/>
  <testcase classname="org.xidea.el.test.AutoELTest" name="testPhp[120 -global-case.xml#数值解析测试/]" time="0"/>
  <testcase classname="org.xidea.el.test.AutoELTest" name="testJava[120 -global-case.xml#数值解析测试/]" time="0"/>
  <testcase classname="org.xidea.el.test.AutoELTest" name="testJS[120 -global-case.xml#数值解析测试/]" time="0"/>
  <testcase classname="org.xidea.el.test.AutoELTest" name="testPhp[121 -global-case.xml#数值解析测试/]" time="0"/>
  <testcase classname="org.xidea.el.test.AutoELTest" name="testJava[121 -global-case.xml#数值解析测试/]" time="0"/>
  <testcase classname="org.xidea.el.test.AutoELTest" name="testJS[121 -global-case.xml#数值解析测试/]" time="0"/>
  <testcase classname="org.xidea.el.test.AutoELTest" name="testPhp[122 -global-case.xml#数值解析测试/]" time="0"/>
  <testcase classname="org.xidea.el.test.AutoELTest" name="testJava[122 -global-case.xml#数值解析测试/]" time="0"/>
  <testcase classname="org.xidea.el.test.AutoELTest" name="testJS[122 -global-case.xml#数值解析测试/]" time="0"/>
  <testcase classname="org.xidea.el.test.AutoELTest" name="testPhp[123 -global-case.xml#数值解析测试/]" time="0"/>
  <testcase classname="org.xidea.el.test.AutoELTest" name="testJava[123 -global-case.xml#数值解析测试/]" time="0"/>
  <testcase classname="org.xidea.el.test.AutoELTest" name="testJS[123 -global-case.xml#数值解析测试/]" time="0"/>
  <testcase classname="org.xidea.el.test.AutoELTest" name="testPhp[124 -global-case.xml#数值解析测试/]" time="0"/>
  <testcase classname="org.xidea.el.test.AutoELTest" name="testJava[124 -global-case.xml#数值解析测试/]" time="0"/>
  <testcase classname="org.xidea.el.test.AutoELTest" name="testJS[124 -global-case.xml#数值解析测试/]" time="0"/>
  <testcase classname="org.xidea.el.test.AutoELTest" name="testPhp[125 -global-case.xml#特殊浮点数函数测试/]" time="0"/>
  <testcase classname="org.xidea.el.test.AutoELTest" name="testJava[125 -global-case.xml#特殊浮点数函数测试/]" time="0"/>
  <testcase classname="org.xidea.el.test.AutoELTest" name="testJS[125 -global-case.xml#特殊浮点数函数测试/]" time="0"/>
  <testcase classname="org.xidea.el.test.AutoELTest" name="testPhp[126 -global-case.xml#特殊浮点数函数测试/]" time="0"/>
  <testcase classname="org.xidea.el.test.AutoELTest" name="testJava[126 -global-case.xml#特殊浮点数函数测试/]" time="0"/>
  <testcase classname="org.xidea.el.test.AutoELTest" name="testJS[126 -global-case.xml#特殊浮点数函数测试/]" time="0"/>
  <testcase classname="org.xidea.el.test.AutoELTest" name="testPhp[127 -global-case.xml#特殊浮点数函数测试/]" time="0"/>
  <testcase classname="org.xidea.el.test.AutoELTest" name="testJava[127 -global-case.xml#特殊浮点数函数测试/]" time="0"/>
  <testcase classname="org.xidea.el.test.AutoELTest" name="testJS[127 -global-case.xml#特殊浮点数函数测试/]" time="0"/>
  <testcase classname="org.xidea.el.test.AutoELTest" name="testPhp[128 -global-case.xml#特殊浮点数函数测试/]" time="0"/>
  <testcase classname="org.xidea.el.test.AutoELTest" name="testJava[128 -global-case.xml#特殊浮点数函数测试/]" time="0"/>
  <testcase classname="org.xidea.el.test.AutoELTest" name="testJS[128 -global-case.xml#特殊浮点数函数测试/]" time="0"/>
  <testcase classname="org.xidea.el.test.AutoELTest" name="testPhp[129 -global-case.xml#特殊浮点数函数测试/]" time="0"/>
  <testcase classname="org.xidea.el.test.AutoELTest" name="testJava[129 -global-case.xml#特殊浮点数函数测试/]" time="0"/>
  <testcase classname="org.xidea.el.test.AutoELTest" name="testJS[129 -global-case.xml#特殊浮点数函数测试/]" time="0"/>
  <testcase classname="org.xidea.el.test.AutoELTest" name="testPhp[130 -global-case.xml#特殊浮点数函数测试/]" time="0"/>
  <testcase classname="org.xidea.el.test.AutoELTest" name="testJava[130 -global-case.xml#特殊浮点数函数测试/]" time="0"/>
  <testcase classname="org.xidea.el.test.AutoELTest" name="testJS[130 -global-case.xml#特殊浮点数函数测试/]" time="0"/>
  <testcase classname="org.xidea.el.test.AutoELTest" name="testPhp[131 -array-case.xml#数组函数测试/]" time="0"/>
  <testcase classname="org.xidea.el.test.AutoELTest" name="testJava[131 -array-case.xml#数组函数测试/]" time="0"/>
  <testcase classname="org.xidea.el.test.AutoELTest" name="testJS[131 -array-case.xml#数组函数测试/]" time="0"/>
  <testcase classname="org.xidea.el.test.AutoELTest" name="testPhp[132 -array-case.xml#数组函数测试/]" time="0"/>
  <testcase classname="org.xidea.el.test.AutoELTest" name="testJava[132 -array-case.xml#数组函数测试/]" time="0"/>
  <testcase classname="org.xidea.el.test.AutoELTest" name="testJS[132 -array-case.xml#数组函数测试/]" time="0"/>
  <testcase classname="org.xidea.el.test.AutoELTest" name="testPhp[133 -array-case.xml#数组函数测试/]" time="0"/>
  <testcase classname="org.xidea.el.test.AutoELTest" name="testJava[133 -array-case.xml#数组函数测试/]" time="0"/>
  <testcase classname="org.xidea.el.test.AutoELTest" name="testJS[133 -array-case.xml#数组函数测试/]" time="0"/>
  <testcase classname="org.xidea.el.test.AutoELTest" name="testPhp[134 -array-case.xml#数组函数测试/]" time="0"/>
  <testcase classname="org.xidea.el.test.AutoELTest" name="testJava[134 -array-case.xml#数组函数测试/]" time="0"/>
  <testcase classname="org.xidea.el.test.AutoELTest" name="testJS[134 -array-case.xml#数组函数测试/]" time="0"/>
  <testcase classname="org.xidea.el.test.AutoELTest" name="testPhp[135 -array-case.xml#数组函数测试/]" time="0"/>
  <testcase classname="org.xidea.el.test.AutoELTest" name="testJava[135 -array-case.xml#数组函数测试/]" time="0"/>
  <testcase classname="org.xidea.el.test.AutoELTest" name="testJS[135 -array-case.xml#数组函数测试/]" time="0"/>
  <testcase classname="org.xidea.el.test.AutoELTest" name="testPhp[136 -array-case.xml#数组函数测试/]" time="0"/>
  <testcase classname="org.xidea.el.test.AutoELTest" name="testJava[136 -array-case.xml#数组函数测试/]" time="0"/>
  <testcase classname="org.xidea.el.test.AutoELTest" name="testJS[136 -array-case.xml#数组函数测试/]" time="0"/>
  <testcase classname="org.xidea.el.test.AutoELTest" name="testPhp[137 -array-case.xml#数组函数测试/]" time="0"/>
  <testcase classname="org.xidea.el.test.AutoELTest" name="testJava[137 -array-case.xml#数组函数测试/]" time="0"/>
  <testcase classname="org.xidea.el.test.AutoELTest" name="testJS[137 -array-case.xml#数组函数测试/]" time="0"/>
  <testcase classname="org.xidea.el.test.AutoELTest" name="testPhp[138 -array-case.xml#数组函数测试/]" time="0"/>
  <testcase classname="org.xidea.el.test.AutoELTest" name="testJava[138 -array-case.xml#数组函数测试/]" time="0"/>
  <testcase classname="org.xidea.el.test.AutoELTest" name="testJS[138 -array-case.xml#数组函数测试/]" time="0"/>
  <testcase classname="org.xidea.el.test.AutoELTest" name="testPhp[139 -array-case.xml#数组函数测试/]" time="0"/>
  <testcase classname="org.xidea.el.test.AutoELTest" name="testJava[139 -array-case.xml#数组函数测试/]" time="0"/>
  <testcase classname="org.xidea.el.test.AutoELTest" name="testJS[139 -array-case.xml#数组函数测试/]" time="0"/>
  <testcase classname="org.xidea.el.test.AutoELTest" name="testPhp[140 -array-case.xml#数组函数测试/]" time="0"/>
  <testcase classname="org.xidea.el.test.AutoELTest" name="testJava[140 -array-case.xml#数组函数测试/]" time="0"/>
  <testcase classname="org.xidea.el.test.AutoELTest" name="testJS[140 -array-case.xml#数组函数测试/]" time="0"/>
  <testcase classname="org.xidea.el.test.AutoELTest" name="testPhp[141 -array-case.xml#数组函数测试/]" time="0"/>
  <testcase classname="org.xidea.el.test.AutoELTest" name="testJava[141 -array-case.xml#数组函数测试/]" time="0"/>
  <testcase classname="org.xidea.el.test.AutoELTest" name="testJS[141 -array-case.xml#数组函数测试/]" time="0"/>
  <testcase classname="org.xidea.el.test.AutoELTest" name="testPhp[142 -string-case.xml#普通字符串操作函数/]" time="0"/>
  <testcase classname="org.xidea.el.test.AutoELTest" name="testJava[142 -string-case.xml#普通字符串操作函数/]" time="0"/>
  <testcase classname="org.xidea.el.test.AutoELTest" name="testJS[142 -string-case.xml#普通字符串操作函数/]" time="0"/>
  <testcase classname="org.xidea.el.test.AutoELTest" name="testPhp[143 -string-case.xml#普通字符串操作函数/]" time="0"/>
  <testcase classname="org.xidea.el.test.AutoELTest" name="testJava[143 -string-case.xml#普通字符串操作函数/]" time="0"/>
  <testcase classname="org.xidea.el.test.AutoELTest" name="testJS[143 -string-case.xml#普通字符串操作函数/]" time="0"/>
  <testcase classname="org.xidea.el.test.AutoELTest" name="testPhp[144 -string-case.xml#普通字符串操作函数/]" time="0"/>
  <testcase classname="org.xidea.el.test.AutoELTest" name="testJava[144 -string-case.xml#普通字符串操作函数/]" time="0"/>
  <testcase classname="org.xidea.el.test.AutoELTest" name="testJS[144 -string-case.xml#普通字符串操作函数/]" time="0"/>
  <testcase classname="org.xidea.el.test.AutoELTest" name="testPhp[145 -string-case.xml#普通字符串操作函数/]" time="0"/>
  <testcase classname="org.xidea.el.test.AutoELTest" name="testJava[145 -string-case.xml#普通字符串操作函数/]" time="0"/>
  <testcase classname="org.xidea.el.test.AutoELTest" name="testJS[145 -string-case.xml#普通字符串操作函数/]" time="0"/>
  <testcase classname="org.xidea.el.test.AutoELTest" name="testPhp[146 -string-case.xml#普通字符串操作函数/]" time="0"/>
  <testcase classname="org.xidea.el.test.AutoELTest" name="testJava[146 -string-case.xml#普通字符串操作函数/]" time="0"/>
  <testcase classname="org.xidea.el.test.AutoELTest" name="testJS[146 -string-case.xml#普通字符串操作函数/]" time="0.001"/>
  <testcase classname="org.xidea.el.test.AutoELTest" name="testPhp[147 -string-case.xml#普通字符串操作函数/]" time="0"/>
  <testcase classname="org.xidea.el.test.AutoELTest" name="testJava[147 -string-case.xml#普通字符串操作函数/]" time="0"/>
  <testcase classname="org.xidea.el.test.AutoELTest" name="testJS[147 -string-case.xml#普通字符串操作函数/]" time="0"/>
  <testcase classname="org.xidea.el.test.AutoELTest" name="testPhp[148 -string-case.xml#普通字符串操作函数/]" time="0"/>
  <testcase classname="org.xidea.el.test.AutoELTest" name="testJava[148 -string-case.xml#普通字符串操作函数/]" time="0"/>
  <testcase classname="org.xidea.el.test.AutoELTest" name="testJS[148 -string-case.xml#普通字符串操作函数/]" time="0"/>
  <testcase classname="org.xidea.el.test.AutoELTest" name="testPhp[149 -string-case.xml#普通字符串操作函数/]" time="0"/>
  <testcase classname="org.xidea.el.test.AutoELTest" name="testJava[149 -string-case.xml#普通字符串操作函数/]" time="0"/>
  <testcase classname="org.xidea.el.test.AutoELTest" name="testJS[149 -string-case.xml#普通字符串操作函数/]" time="0.001"/>
  <testcase classname="org.xidea.el.test.AutoELTest" name="testPhp[150 -string-case.xml#普通字符串操作函数/]" time="0"/>
  <testcase classname="org.xidea.el.test.AutoELTest" name="testJava[150 -string-case.xml#普通字符串操作函数/]" time="0"/>
  <testcase classname="org.xidea.el.test.AutoELTest" name="testJS[150 -string-case.xml#普通字符串操作函数/]" time="0"/>
  <testcase classname="org.xidea.el.test.AutoELTest" name="testPhp[151 -string-case.xml#普通字符串操作函数/]" time="0"/>
  <testcase classname="org.xidea.el.test.AutoELTest" name="testJava[151 -string-case.xml#普通字符串操作函数/]" time="0"/>
  <testcase classname="org.xidea.el.test.AutoELTest" name="testJS[151 -string-case.xml#普通字符串操作函数/]" time="0"/>
  <testcase classname="org.xidea.el.test.AutoELTest" name="testPhp[152 -string-case.xml#普通字符串操作函数/]" time="0"/>
  <testcase classname="org.xidea.el.test.AutoELTest" name="testJava[152 -string-case.xml#普通字符串操作函数/]" time="0"/>
  <testcase classname="org.xidea.el.test.AutoELTest" name="testJS[152 -string-case.xml#普通字符串操作函数/]" time="0"/>
  <testcase classname="org.xidea.el.test.AutoELTest" name="testPhp[153 -string-case.xml#普通字符串操作函数/]" time="0"/>
  <testcase classname="org.xidea.el.test.AutoELTest" name="testJava[153 -string-case.xml#普通字符串操作函数/]" time="0"/>
  <testcase classname="org.xidea.el.test.AutoELTest" name="testJS[153 -string-case.xml#普通字符串操作函数/]" time="0"/>
  <testcase classname="org.xidea.el.test.AutoELTest" name="testPhp[154 -string-case.xml#普通字符串操作函数/]" time="0"/>
  <testcase classname="org.xidea.el.test.AutoELTest" name="testJava[154 -string-case.xml#普通字符串操作函数/]" time="0"/>
  <testcase classname="org.xidea.el.test.AutoELTest" name="testJS[154 -string-case.xml#普通字符串操作函数/]" time="0"/>
  <testcase classname="org.xidea.el.test.AutoELTest" name="testPhp[155 -string-case.xml#普通字符串操作函数/]" time="0"/>
  <testcase classname="org.xidea.el.test.AutoELTest" name="testJava[155 -string-case.xml#普通字符串操作函数/]" time="0"/>
  <testcase classname="org.xidea.el.test.AutoELTest" name="testJS[155 -string-case.xml#普通字符串操作函数/]" time="0"/>
  <testcase classname="org.xidea.el.test.AutoELTest" name="testPhp[156 -string-case.xml#普通字符串操作函数/]" time="0"/>
  <testcase classname="org.xidea.el.test.AutoELTest" name="testJava[156 -string-case.xml#普通字符串操作函数/]" time="0"/>
  <testcase classname="org.xidea.el.test.AutoELTest" name="testJS[156 -string-case.xml#普通字符串操作函数/]" time="0"/>
  <testcase classname="org.xidea.el.test.AutoELTest" name="testPhp[157 -string-case.xml#普通字符串操作函数/]" time="0"/>
  <testcase classname="org.xidea.el.test.AutoELTest" name="testJava[157 -string-case.xml#普通字符串操作函数/]" time="0"/>
  <testcase classname="org.xidea.el.test.AutoELTest" name="testJS[157 -string-case.xml#普通字符串操作函数/]" time="0"/>
  <testcase classname="org.xidea.el.test.AutoELTest" name="testPhp[158 -string-case.xml#普通字符串操作函数/]" time="0"/>
  <testcase classname="org.xidea.el.test.AutoELTest" name="testJava[158 -string-case.xml#普通字符串操作函数/]" time="0"/>
  <testcase classname="org.xidea.el.test.AutoELTest" name="testJS[158 -string-case.xml#普通字符串操作函数/]" time="0"/>
  <testcase classname="org.xidea.el.test.AutoELTest" name="testPhp[159 -string-case.xml#普通字符串操作函数/]" time="0"/>
  <testcase classname="org.xidea.el.test.AutoELTest" name="testJava[159 -string-case.xml#普通字符串操作函数/]" time="0"/>
  <testcase classname="org.xidea.el.test.AutoELTest" name="testJS[159 -string-case.xml#普通字符串操作函数/]" time="0"/>
  <testcase classname="org.xidea.el.test.AutoELTest" name="testPhp[160 -string-case.xml#普通字符串操作函数/]" time="0"/>
  <testcase classname="org.xidea.el.test.AutoELTest" name="testJava[160 -string-case.xml#普通字符串操作函数/]" time="0"/>
  <testcase classname="org.xidea.el.test.AutoELTest" name="testJS[160 -string-case.xml#普通字符串操作函数/]" time="0"/>
  <testcase classname="org.xidea.el.test.AutoELTest" name="testPhp[161 -string-case.xml#普通字符串操作函数/]" time="0"/>
  <testcase classname="org.xidea.el.test.AutoELTest" name="testJava[161 -string-case.xml#普通字符串操作函数/]" time="0"/>
  <testcase classname="org.xidea.el.test.AutoELTest" name="testJS[161 -string-case.xml#普通字符串操作函数/]" time="0"/>
  <testcase classname="org.xidea.el.test.AutoELTest" name="testPhp[162 -string-case.xml#普通字符串操作函数/]" time="0"/>
  <testcase classname="org.xidea.el.test.AutoELTest" name="testJava[162 -string-case.xml#普通字符串操作函数/]" time="0"/>
  <testcase classname="org.xidea.el.test.AutoELTest" name="testJS[162 -string-case.xml#普通字符串操作函数/]" time="0"/>
  <testcase classname="org.xidea.el.test.AutoELTest" name="testPhp[163 -string-case.xml#普通字符串操作函数/]" time="0"/>
  <testcase classname="org.xidea.el.test.AutoELTest" name="testJava[163 -string-case.xml#普通字符串操作函数/]" time="0"/>
  <testcase classname="org.xidea.el.test.AutoELTest" name="testJS[163 -string-case.xml#普通字符串操作函数/]" time="0"/>
  <testcase classname="org.xidea.el.test.AutoELTest" name="testPhp[164 -string-case.xml#普通字符串操作函数/]" time="0"/>
  <testcase classname="org.xidea.el.test.AutoELTest" name="testJava[164 -string-case.xml#普通字符串操作函数/]" time="0"/>
  <testcase classname="org.xidea.el.test.AutoELTest" name="testJS[164 -string-case.xml#普通字符串操作函数/]" time="0"/>
  <testcase classname="org.xidea.el.test.AutoELTest" name="testPhp[165 -string-case.xml#普通字符串操作函数/]" time="0"/>
  <testcase classname="org.xidea.el.test.AutoELTest" name="testJava[165 -string-case.xml#普通字符串操作函数/]" time="0"/>
  <testcase classname="org.xidea.el.test.AutoELTest" name="testJS[165 -string-case.xml#普通字符串操作函数/]" time="0"/>
  <testcase classname="org.xidea.el.test.AutoELTest" name="testPhp[166 -string-case.xml#普通字符串操作函数/]" time="0"/>
  <testcase classname="org.xidea.el.test.AutoELTest" name="testJava[166 -string-case.xml#普通字符串操作函数/]" time="0"/>
  <testcase classname="org.xidea.el.test.AutoELTest" name="testJS[166 -string-case.xml#普通字符串操作函数/]" time="0"/>
  <testcase classname="org.xidea.el.test.AutoELTest" name="testPhp[167 -string-case.xml#正则表达式/]" time="0"/>
  <testcase classname="org.xidea.el.test.AutoELTest" name="testJava[167 -string-case.xml#正则表达式/]" time="0"/>
  <testcase classname="org.xidea.el.test.AutoELTest" name="testJS[167 -string-case.xml#正则表达式/]" time="0"/>
  <testcase classname="org.xidea.el.test.AutoELTest" name="testPhp[168 -string-case.xml#正则表达式/]" time="0"/>
  <testcase classname="org.xidea.el.test.AutoELTest" name="testJava[168 -string-case.xml#正则表达式/]" time="0"/>
  <testcase classname="org.xidea.el.test.AutoELTest" name="testJS[168 -string-case.xml#正则表达式/]" time="0"/>
  <testcase classname="org.xidea.el.test.AutoELTest" name="testPhp[169 -string-case.xml#正则表达式/]" time="0"/>
  <testcase classname="org.xidea.el.test.AutoELTest" name="testJava[169 -string-case.xml#正则表达式/]" time="0"/>
  <testcase classname="org.xidea.el.test.AutoELTest" name="testJS[169 -string-case.xml#正则表达式/]" time="0"/>
  <testcase classname="org.xidea.el.test.AutoELTest" name="testPhp[170 -string-case.xml#正则表达式/]" time="0"/>
  <testcase classname="org.xidea.el.test.AutoELTest" name="testJava[170 -string-case.xml#正则表达式/]" time="0.001"/>
  <testcase classname="org.xidea.el.test.AutoELTest" name="testJS[170 -string-case.xml#正则表达式/]" time="0"/>
  <testcase classname="org.xidea.el.test.AutoELTest" name="testPhp[171 -string-case.xml#正则表达式/]" time="0"/>
  <testcase classname="org.xidea.el.test.AutoELTest" name="testJava[171 -string-case.xml#正则表达式/]" time="0"/>
  <testcase classname="org.xidea.el.test.AutoELTest" name="testJS[171 -string-case.xml#正则表达式/]" time="0"/>
  <testcase classname="org.xidea.el.test.AutoELTest" name="testPhp[172 -string-case.xml#正则表达式/]" time="0"/>
  <testcase classname="org.xidea.el.test.AutoELTest" name="testJava[172 -string-case.xml#正则表达式/]" time="0"/>
  <testcase classname="org.xidea.el.test.AutoELTest" name="testJS[172 -string-case.xml#正则表达式/]" time="0"/>
  <testcase classname="org.xidea.el.test.AutoELTest" name="testPhp[173 -string-case.xml#正则表达式/]" time="0"/>
  <testcase classname="org.xidea.el.test.AutoELTest" name="testJava[173 -string-case.xml#正则表达式/]" time="0"/>
  <testcase classname="org.xidea.el.test.AutoELTest" name="testJS[173 -string-case.xml#正则表达式/]" time="0"/>
  <testcase classname="org.xidea.el.test.AutoELTest" name="testPhp[174 -string-case.xml#正则表达式/]" time="0"/>
  <testcase classname="org.xidea.el.test.AutoELTest" name="testJava[174 -string-case.xml#正则表达式/]" time="0"/>
  <testcase classname="org.xidea.el.test.AutoELTest" name="testJS[174 -string-case.xml#正则表达式/]" time="0"/>
  <testcase classname="org.xidea.el.test.AutoELTest" name="testPhp[175 -string-case.xml#正则表达式/]" time="0"/>
  <testcase classname="org.xidea.el.test.AutoELTest" name="testJava[175 -string-case.xml#正则表达式/]" time="0"/>
  <testcase classname="org.xidea.el.test.AutoELTest" name="testJS[175 -string-case.xml#正则表达式/]" time="0"/>
  <testcase classname="org.xidea.el.test.AutoELTest" name="testPhp[176 -string-case.xml#正则表达式/]" time="0"/>
  <testcase classname="org.xidea.el.test.AutoELTest" name="testJava[176 -string-case.xml#正则表达式/]" time="0"/>
  <testcase classname="org.xidea.el.test.AutoELTest" name="testJS[176 -string-case.xml#正则表达式/]" time="0"/>
  <testcase classname="org.xidea.el.test.AutoELTest" name="testPhp[177 -string-case.xml#正则表达式/]" time="0"/>
  <testcase classname="org.xidea.el.test.AutoELTest" name="testJava[177 -string-case.xml#正则表达式/]" time="0"/>
  <testcase classname="org.xidea.el.test.AutoELTest" name="testJS[177 -string-case.xml#正则表达式/]" time="0"/>
  <testcase classname="org.xidea.el.test.AutoELTest" name="testPhp[178 -string-case.xml#正则表达式/]" time="0"/>
  <testcase classname="org.xidea.el.test.AutoELTest" name="testJava[178 -string-case.xml#正则表达式/]" time="0"/>
  <testcase classname="org.xidea.el.test.AutoELTest" name="testJS[178 -string-case.xml#正则表达式/]" time="0"/>
  <testcase classname="org.xidea.el.test.AutoELTest" name="testPhp[179 -string-case.xml#正则表达式/]" time="0"/>
  <testcase classname="org.xidea.el.test.AutoELTest" name="testJava[179 -string-case.xml#正则表达式/]" time="0"/>
  <testcase classname="org.xidea.el.test.AutoELTest" name="testJS[179 -string-case.xml#正则表达式/]" time="0"/>
  <testcase classname="org.xidea.el.test.AutoELTest" name="testPhp[180 -string-case.xml#正则表达式/]" time="0"/>
  <testcase classname="org.xidea.el.test.AutoELTest" name="testJava[180 -string-case.xml#正则表达式/]" time="0"/>
  <testcase classname="org.xidea.el.test.AutoELTest" name="testJS[180 -string-case.xml#正则表达式/]" time="0"/>
  <testcase classname="org.xidea.el.test.AutoELTest" name="testPhp[181 -string-case.xml#正则表达式/]" time="0"/>
  <testcase classname="org.xidea.el.test.AutoELTest" name="testJava[181 -string-case.xml#正则表达式/]" time="0"/>
  <testcase classname="org.xidea.el.test.AutoELTest" name="testJS[181 -string-case.xml#正则表达式/]" time="0"/>
  <testcase classname="org.xidea.el.test.AutoELTest" name="testPhp[182 -string-case.xml#正则表达式/]" time="0.001"/>
  <testcase classname="org.xidea.el.test.AutoELTest" name="testJava[182 -string-case.xml#正则表达式/]" time="0"/>
  <testcase classname="org.xidea.el.test.AutoELTest" name="testJS[182 -string-case.xml#正则表达式/]" time="0"/>
  <testcase classname="org.xidea.el.test.AutoELTest" name="testPhp[183 -string-case.xml#正则表达式/]" time="0"/>
  <testcase classname="org.xidea.el.test.AutoELTest" name="testJava[183 -string-case.xml#正则表达式/]" time="0"/>
  <testcase classname="org.xidea.el.test.AutoELTest" name="testJS[183 -string-case.xml#正则表达式/]" time="0"/>
  <testcase classname="org.xidea.el.test.AutoELTest" name="testPhp[184 -string-case.xml#正则表达式/]" time="0"/>
  <testcase classname="org.xidea.el.test.AutoELTest" name="testJava[184 -string-case.xml#正则表达式/]" time="0"/>
  <testcase classname="org.xidea.el.test.AutoELTest" name="testJS[184 -string-case.xml#正则表达式/]" time="0"/>
  <testcase classname="org.xidea.el.test.AutoELTest" name="testPhp[185 -string-case.xml#正则表达式/]" time="0"/>
  <testcase classname="org.xidea.el.test.AutoELTest" name="testJava[185 -string-case.xml#正则表达式/]" time="0"/>
  <testcase classname="org.xidea.el.test.AutoELTest" name="testJS[185 -string-case.xml#正则表达式/]" time="0"/>
  <testcase classname="org.xidea.el.test.AutoELTest" name="testPhp[186 -string-case.xml#正则表达式/]" time="0"/>
  <testcase classname="org.xidea.el.test.AutoELTest" name="testJava[186 -string-case.xml#正则表达式/]" time="0"/>
  <testcase classname="org.xidea.el.test.AutoELTest" name="testJS[186 -string-case.xml#正则表达式/]" time="0"/>
  <testcase classname="org.xidea.el.test.AutoELTest" name="testPhp[187 -string-case.xml#正则表达式/]" time="0"/>
  <testcase classname="org.xidea.el.test.AutoELTest" name="testJava[187 -string-case.xml#正则表达式/]" time="0"/>
  <testcase classname="org.xidea.el.test.AutoELTest" name="testJS[187 -string-case.xml#正则表达式/]" time="0"/>
  <testcase classname="org.xidea.el.test.AutoELTest" name="testPhp[188 -string-case.xml#正则表达式/]" time="0"/>
  <testcase classname="org.xidea.el.test.AutoELTest" name="testJava[188 -string-case.xml#正则表达式/]" time="0"/>
  <testcase classname="org.xidea.el.test.AutoELTest" name="testJS[188 -string-case.xml#正则表达式/]" time="0"/>
  <testcase classname="org.xidea.el.test.AutoELTest" name="testPhp[189 -string-case.xml#正则表达式/]" time="0"/>
  <testcase classname="org.xidea.el.test.AutoELTest" name="testJava[189 -string-case.xml#正则表达式/]" time="0"/>
  <testcase classname="org.xidea.el.test.AutoELTest" name="testJS[189 -string-case.xml#正则表达式/]" time="0"/>
  <testcase classname="org.xidea.el.test.AutoELTest" name="testPhp[190 -string-case.xml#正则表达式/]" time="0"/>
  <testcase classname="org.xidea.el.test.AutoELTest" name="testJava[190 -string-case.xml#正则表达式/]" time="0"/>
  <testcase classname="org.xidea.el.test.AutoELTest" name="testJS[190 -string-case.xml#正则表达式/]" time="0"/>
  <testcase classname="org.xidea.el.test.AutoELTest" name="testPhp[191 -string-case.xml#正则表达式/]" time="0"/>
  <testcase classname="org.xidea.el.test.AutoELTest" name="testJava[191 -string-case.xml#正则表达式/]" time="0"/>
  <testcase classname="org.xidea.el.test.AutoELTest" name="testJS[191 -string-case.xml#正则表达式/]" time="0"/>
  <testcase classname="org.xidea.el.test.AutoELTest" name="testPhp[192 -math-case.xml#Math 方法测试/]" time="0"/>
  <testcase classname="org.xidea.el.test.AutoELTest" name="testJava[192 -math-case.xml#Math 方法测试/]" time="0"/>
  <testcase classname="org.xidea.el.test.AutoELTest" name="testJS[192 -math-case.xml#Math 方法测试/]" time="0"/>
  <testcase classname="org.xidea.el.test.AutoELTest" name="testPhp[193 -math-case.xml#Math 方法测试/]" time="0"/>
  <testcase classname="org.xidea.el.test.AutoELTest" name="testJava[193 -math-case.xml#Math 方法测试/]" time="0"/>
  <testcase classname="org.xidea.el.test.AutoELTest" name="testJS[193 -math-case.xml#Math 方法测试/]" time="0"/>
  <testcase classname="org.xidea.el.test.AutoELTest" name="testPhp[194 -math-case.xml#Math 方法测试/]" time="0"/>
  <testcase classname="org.xidea.el.test.AutoELTest" name="testJava[194 -math-case.xml#Math 方法测试/]" time="0"/>
  <testcase classname="org.xidea.el.test.AutoELTest" name="testJS[194 -math-case.xml#Math 方法测试/]" time="0"/>
  <testcase classname="org.xidea.el.test.AutoELTest" name="testPhp[195 -math-case.xml#Math 方法测试/]" time="0"/>
  <testcase classname="org.xidea.el.test.AutoELTest" name="testJava[195 -math-case.xml#Math 方法测试/]" time="0"/>
  <testcase classname="org.xidea.el.test.AutoELTest" name="testJS[195 -math-case.xml#Math 方法测试/]" time="0"/>
  <testcase classname="org.xidea.el.test.AutoELTest" name="testPhp[196 -math-case.xml#Math 方法测试/]" time="0"/>
  <testcase classname="org.xidea.el.test.AutoELTest" name="testJava[196 -math-case.xml#Math 方法测试/]" time="0"/>
  <testcase classname="org.xidea.el.test.AutoELTest" name="testJS[196 -math-case.xml#Math 方法测试/]" time="0"/>
  <testcase classname="org.xidea.el.test.AutoELTest" name="testPhp[197 -math-case.xml#Math 方法测试/]" time="0"/>
  <testcase classname="org.xidea.el.test.AutoELTest" name="testJava[197 -math-case.xml#Math 方法测试/]" time="0"/>
  <testcase classname="org.xidea.el.test.AutoELTest" name="testJS[197 -math-case.xml#Math 方法测试/]" time="0"/>
  <testcase classname="org.xidea.el.test.AutoELTest" name="testPhp[198 -math-case.xml#Math 方法测试/]" time="0"/>
  <testcase classname="org.xidea.el.test.AutoELTest" name="testJava[198 -math-case.xml#Math 方法测试/]" time="0"/>
  <testcase classname="org.xidea.el.test.AutoELTest" name="testJS[198 -math-case.xml#Math 方法测试/]" time="0"/>
  <testcase classname="org.xidea.el.test.AutoELTest" name="testPhp[199 -math-case.xml#Math 方法测试/]" time="0"/>
  <testcase classname="org.xidea.el.test.AutoELTest" name="testJava[199 -math-case.xml#Math 方法测试/]" time="0"/>
  <testcase classname="org.xidea.el.test.AutoELTest" name="testJS[199 -math-case.xml#Math 方法测试/]" time="0"/>
  <testcase classname="org.xidea.el.test.AutoELTest" name="testPhp[200 -math-case.xml#Math 方法测试/]" time="0"/>
  <testcase classname="org.xidea.el.test.AutoELTest" name="testJava[200 -math-case.xml#Math 方法测试/]" time="0"/>
  <testcase classname="org.xidea.el.test.AutoELTest" name="testJS[200 -math-case.xml#Math 方法测试/]" time="0"/>
  <testcase classname="org.xidea.el.test.AutoELTest" name="testPhp[201 -math-case.xml#Math 方法测试/]" time="0"/>
  <testcase classname="org.xidea.el.test.AutoELTest" name="testJava[201 -math-case.xml#Math 方法测试/]" time="0"/>
  <testcase classname="org.xidea.el.test.AutoELTest" name="testJS[201 -math-case.xml#Math 方法测试/]" time="0"/>
  <testcase classname="org.xidea.el.test.AutoELTest" name="testPhp[202 -math-case.xml#Math 方法测试/]" time="0"/>
  <testcase classname="org.xidea.el.test.AutoELTest" name="testJava[202 -math-case.xml#Math 方法测试/]" time="0"/>
  <testcase classname="org.xidea.el.test.AutoELTest" name="testJS[202 -math-case.xml#Math 方法测试/]" time="0"/>
  <testcase classname="org.xidea.el.test.AutoELTest" name="testPhp[203 -math-case.xml#Math 方法测试/]" time="0"/>
  <testcase classname="org.xidea.el.test.AutoELTest" name="testJava[203 -math-case.xml#Math 方法测试/]" time="0"/>
  <testcase classname="org.xidea.el.test.AutoELTest" name="testJS[203 -math-case.xml#Math 方法测试/]" time="0"/>
  <testcase classname="org.xidea.el.test.AutoELTest" name="testPhp[204 -math-case.xml#Math 方法测试/]" time="0"/>
  <testcase classname="org.xidea.el.test.AutoELTest" name="testJava[204 -math-case.xml#Math 方法测试/]" time="0"/>
  <testcase classname="org.xidea.el.test.AutoELTest" name="testJS[204 -math-case.xml#Math 方法测试/]" time="0"/>
  <testcase classname="org.xidea.el.test.AutoELTest" name="testPhp[205 -math-case.xml#Math 方法测试/]" time="0"/>
  <testcase classname="org.xidea.el.test.AutoELTest" name="testJava[205 -math-case.xml#Math 方法测试/]" time="0"/>
  <testcase classname="org.xidea.el.test.AutoELTest" name="testJS[205 -math-case.xml#Math 方法测试/]" time="0"/>
  <testcase classname="org.xidea.el.test.AutoELTest" name="testPhp[206 -math-case.xml#Math 方法测试/]" time="0"/>
  <testcase classname="org.xidea.el.test.AutoELTest" name="testJava[206 -math-case.xml#Math 方法测试/]" time="0"/>
  <testcase classname="org.xidea.el.test.AutoELTest" name="testJS[206 -math-case.xml#Math 方法测试/]" time="0"/>
  <testcase classname="org.xidea.el.test.AutoELTest" name="testPhp[207 -math-case.xml#Math 方法测试/]" time="0"/>
  <testcase classname="org.xidea.el.test.AutoELTest" name="testJava[207 -math-case.xml#Math 方法测试/]" time="0"/>
  <testcase classname="org.xidea.el.test.AutoELTest" name="testJS[207 -math-case.xml#Math 方法测试/]" time="0"/>
  <testcase classname="org.xidea.el.test.AutoELTest" name="testPhp[208 -math-case.xml#Math 方法测试/]" time="0"/>
  <testcase classname="org.xidea.el.test.AutoELTest" name="testJava[208 -math-case.xml#Math 方法测试/]" time="0"/>
  <testcase classname="org.xidea.el.test.AutoELTest" name="testJS[208 -math-case.xml#Math 方法测试/]" time="0"/>
  <testcase classname="org.xidea.el.test.AutoELTest" name="testPhp[209 -math-case.xml#Math 方法测试/]" time="0"/>
  <testcase classname="org.xidea.el.test.AutoELTest" name="testJava[209 -math-case.xml#Math 方法测试/]" time="0"/>
  <testcase classname="org.xidea.el.test.AutoELTest" name="testJS[209 -math-case.xml#Math 方法测试/]" time="0"/>
  <testcase classname="org.xidea.el.test.AutoELTest" name="testPhp[210 -math-case.xml#Math 方法测试/]" time="0"/>
  <testcase classname="org.xidea.el.test.AutoELTest" name="testJava[210 -math-case.xml#Math 方法测试/]" time="0.001"/>
  <testcase classname="org.xidea.el.test.AutoELTest" name="testJS[210 -math-case.xml#Math 方法测试/]" time="0"/>
  <testcase classname="org.xidea.el.test.AutoELTest" name="testPhp[211 -math-case.xml#Math 方法测试/]" time="0"/>
  <testcase classname="org.xidea.el.test.AutoELTest" name="testJava[211 -math-case.xml#Math 方法测试/]" time="0"/>
  <testcase classname="org.xidea.el.test.AutoELTest" name="testJS[211 -math-case.xml#Math 方法测试/]" time="0"/>
  <testcase classname="org.xidea.el.test.AutoELTest" name="testPhp[212 -math-case.xml#Math 方法测试/]" time="0"/>
  <testcase classname="org.xidea.el.test.AutoELTest" name="testJava[212 -math-case.xml#Math 方法测试/]" time="0"/>
  <testcase classname="org.xidea.el.test.AutoELTest" name="testJS[212 -math-case.xml#Math 方法测试/]" time="0.001"/>
  <testcase classname="org.xidea.el.test.AutoELTest" name="testPhp[213 -math-case.xml#Math 方法测试/]" time="0"/>
  <testcase classname="org.xidea.el.test.AutoELTest" name="testJava[213 -math-case.xml#Math 方法测试/]" time="0"/>
  <testcase classname="org.xidea.el.test.AutoELTest" name="testJS[213 -math-case.xml#Math 方法测试/]" time="0"/>
  <testcase classname="org.xidea.el.test.AutoELTest" name="testPhp[214 -math-case.xml#Math 方法测试/]" time="0"/>
  <testcase classname="org.xidea.el.test.AutoELTest" name="testJava[214 -math-case.xml#Math 方法测试/]" time="0"/>
  <testcase classname="org.xidea.el.test.AutoELTest" name="testJS[214 -math-case.xml#Math 方法测试/]" time="0"/>
  <testcase classname="org.xidea.el.test.AutoELTest" name="testPhp[215 -math-case.xml#Math 方法测试/]" time="0"/>
  <testcase classname="org.xidea.el.test.AutoELTest" name="testJava[215 -math-case.xml#Math 方法测试/]" time="0"/>
  <testcase classname="org.xidea.el.test.AutoELTest" name="testJS[215 -math-case.xml#Math 方法测试/]" time="0"/>
  <testcase classname="org.xidea.el.test.AutoELTest" name="testPhp[216 -math-case.xml#Math 方法测试/]" time="0"/>
  <testcase classname="org.xidea.el.test.AutoELTest" name="testJava[216 -math-case.xml#Math 方法测试/]" time="0"/>
  <testcase classname="org.xidea.el.test.AutoELTest" name="testJS[216 -math-case.xml#Math 方法测试/]" time="0"/>
  <testcase classname="org.xidea.el.test.AutoELTest" name="testPhp[217 -math-case.xml#Math 方法测试/]" time="0"/>
  <testcase classname="org.xidea.el.test.AutoELTest" name="testJava[217 -math-case.xml#Math 方法测试/]" time="0"/>
  <testcase classname="org.xidea.el.test.AutoELTest" name="testJS[217 -math-case.xml#Math 方法测试/]" time="0"/>
  <testcase classname="org.xidea.el.test.AutoELTest" name="testPhp[218 -math-case.xml#Math 方法测试/]" time="0"/>
  <testcase classname="org.xidea.el.test.AutoELTest" name="testJava[218 -math-case.xml#Math 方法测试/]" time="0"/>
  <testcase classname="org.xidea.el.test.AutoELTest" name="testJS[218 -math-case.xml#Math 方法测试/]" time="0"/>
  <testcase classname="org.xidea.el.test.AutoELTest" name="testPhp[219 -math-case.xml#Math 方法测试/]" time="0"/>
  <testcase classname="org.xidea.el.test.AutoELTest" name="testJava[219 -math-case.xml#Math 方法测试/]" time="0"/>
  <testcase classname="org.xidea.el.test.AutoELTest" name="testJS[219 -math-case.xml#Math 方法测试/]" time="0"/>
</testsuite>